<?xml version="1.0" encoding="UTF-8"?>
<robot generator="Robot 2.8.7 (Jython 2.5.3 on java1.8.0_66)" generated="20160701 15:22:52.241">
<suite source="C:\temp\RF_DEV\10_TESTS\UserStoriesForKLM" name="UserStoriesForKLM" id="s1">
<suite source="C:\temp\RF_DEV\10_TESTS\UserStoriesForKLM\Airfrance_KLM.robot" name="Airfrance KLM" id="s1-s1">
<test name="Access to Flight News(AF)" id="s1-s1-t1">
<kw type="kw" name="GIVEN I am on AirFrance HomePage">
<doc></doc>
<arguments>
</arguments>
<kw type="kw" name="af.pages.Open the Airfrance App">
<doc></doc>
<arguments>
</arguments>
<kw type="kw" name="Launch Application on Local Device">
<doc></doc>
<arguments>
<arg>&amp;{app_AF}</arg>
</arguments>
<msg level="FAIL" timestamp="20160701 15:22:53.376">No keyword with name 'Launch Application on Local Device' found.</msg>
<status endtime="20160701 15:22:53.378" starttime="20160701 15:22:53.372" status="FAIL"></status>
</kw>
<status endtime="20160701 15:22:53.382" starttime="20160701 15:22:53.330" status="FAIL"></status>
</kw>
<status endtime="20160701 15:22:53.384" starttime="20160701 15:22:53.319" status="FAIL"></status>
</kw>
<doc></doc>
<tags>
<tag>AF</tag>
</tags>
<status critical="yes" endtime="20160701 15:22:53.388" starttime="20160701 15:22:53.305" status="FAIL">No keyword with name 'Launch Application on Local Device' found.</status>
</test>
<test name="TC050 - Verify that the user is able to see the default values in the search module" id="s1-s1-t2">
<kw type="kw" name="Given I've started the KLM App">
<doc></doc>
<arguments>
</arguments>
<kw type="kw" name="Launch Application on Local Device">
<doc></doc>
<arguments>
<arg>&amp;{app_KLM}</arg>
</arguments>
<msg level="FAIL" timestamp="20160701 15:22:53.448">No keyword with name 'Launch Application on Local Device' found.</msg>
<status endtime="20160701 15:22:53.449" starttime="20160701 15:22:53.445" status="FAIL"></status>
</kw>
<status endtime="20160701 15:22:53.451" starttime="20160701 15:22:53.409" status="FAIL"></status>
</kw>
<doc></doc>
<tags>
<tag>KLM</tag>
<tag>Smoke</tag>
</tags>
<status critical="yes" endtime="20160701 15:22:53.455" starttime="20160701 15:22:53.393" status="FAIL">No keyword with name 'Launch Application on Local Device' found.</status>
</test>
<test name="TC0XX - Verify whether the user is able to book a one way flight without login." id="s1-s1-t3">
<kw type="kw" name="${Search_Destination(TextView)_id} = xpath_helpers.Xpath By Id">
<doc></doc>
<arguments>
<arg>search_destination</arg>
</arguments>
<msg level="INFO" timestamp="20160701 15:22:53.475">${Search_Destination(TextView)_id} = //*[ends-with(@resource-id,'search_destination']</msg>
<status endtime="20160701 15:22:53.474" starttime="20160701 15:22:53.470" status="PASS"></status>
</kw>
<kw type="kw" name="Given I've started the KLM App">
<doc></doc>
<arguments>
</arguments>
<kw type="kw" name="Launch Application on Local Device">
<doc></doc>
<arguments>
<arg>&amp;{app_KLM}</arg>
</arguments>
<msg level="FAIL" timestamp="20160701 15:22:53.512">No keyword with name 'Launch Application on Local Device' found.</msg>
<status endtime="20160701 15:22:53.513" starttime="20160701 15:22:53.509" status="FAIL"></status>
</kw>
<status endtime="20160701 15:22:53.516" starttime="20160701 15:22:53.478" status="FAIL"></status>
</kw>
<doc></doc>
<tags>
<tag>KLM</tag>
<tag>Smoke</tag>
<tag>unfinished</tag>
</tags>
<status critical="yes" endtime="20160701 15:22:53.518" starttime="20160701 15:22:53.460" status="FAIL">No keyword with name 'Launch Application on Local Device' found.</status>
</test>
<test name="TC051 - Verify the message shown, when there are no entries for the given Origin and destination" id="s1-s1-t4">
<kw type="kw" name="Given I've started the KLM App">
<doc></doc>
<arguments>
</arguments>
<kw type="kw" name="Launch Application on Local Device">
<doc></doc>
<arguments>
<arg>&amp;{app_KLM}</arg>
</arguments>
<msg level="FAIL" timestamp="20160701 15:22:53.564">No keyword with name 'Launch Application on Local Device' found.</msg>
<status endtime="20160701 15:22:53.565" starttime="20160701 15:22:53.561" status="FAIL"></status>
</kw>
<status endtime="20160701 15:22:53.571" starttime="20160701 15:22:53.534" status="FAIL"></status>
</kw>
<doc></doc>
<tags>
<tag>DEMO</tag>
<tag>KLM</tag>
</tags>
<status critical="yes" endtime="20160701 15:22:53.574" starttime="20160701 15:22:53.523" status="FAIL">No keyword with name 'Launch Application on Local Device' found.</status>
</test>
<test name="TC058 - Verify the user able to see the lowest price according to the destination selected, when not logged in" id="s1-s1-t5">
<kw type="kw" name="Given I've started the KLM App">
<doc></doc>
<arguments>
</arguments>
<kw type="kw" name="Launch Application on Local Device">
<doc></doc>
<arguments>
<arg>&amp;{app_KLM}</arg>
</arguments>
<msg level="FAIL" timestamp="20160701 15:22:53.617">No keyword with name 'Launch Application on Local Device' found.</msg>
<status endtime="20160701 15:22:53.618" starttime="20160701 15:22:53.615" status="FAIL"></status>
</kw>
<status endtime="20160701 15:22:53.621" starttime="20160701 15:22:53.588" status="FAIL"></status>
</kw>
<doc></doc>
<tags>
<tag>KLM</tag>
</tags>
<status critical="yes" endtime="20160701 15:22:53.624" starttime="20160701 15:22:53.578" status="FAIL">No keyword with name 'Launch Application on Local Device' found.</status>
</test>
<doc></doc>
<metadata>
</metadata>
<status endtime="20160701 15:22:53.632" starttime="20160701 15:22:52.721" status="FAIL"></status>
</suite>
<suite source="C:\temp\RF_DEV\10_TESTS\UserStoriesForKLM\src" name="Src" id="s1-s2">
<suite source="C:\temp\RF_DEV\10_TESTS\UserStoriesForKLM\src\test" name="Test" id="s1-s2-s1">
<suite source="C:\temp\RF_DEV\10_TESTS\UserStoriesForKLM\src\test\robotframework" name="Robotframework" id="s1-s2-s1-s1">
<suite source="C:\temp\RF_DEV\10_TESTS\UserStoriesForKLM\src\test\robotframework\acceptance" name="Acceptance" id="s1-s2-s1-s1-s1">
<suite source="C:\temp\RF_DEV\10_TESTS\UserStoriesForKLM\src\test\robotframework\acceptance\Airfrance_KLM.robot" name="Airfrance KLM" id="s1-s2-s1-s1-s1-s1">
<test name="Access to Flight News(AF)" id="s1-s2-s1-s1-s1-s1-t1">
<kw type="kw" name="GIVEN I am on AirFrance HomePage">
<doc></doc>
<arguments>
</arguments>
<kw type="kw" name="af.pages.Open the Airfrance App">
<doc></doc>
<arguments>
</arguments>
<kw type="kw" name="Launch Application on Local Device">
<doc></doc>
<arguments>
<arg>&amp;{app_AF}</arg>
</arguments>
<msg level="FAIL" timestamp="20160701 15:22:54.150">No keyword with name 'Launch Application on Local Device' found.</msg>
<status endtime="20160701 15:22:54.151" starttime="20160701 15:22:54.148" status="FAIL"></status>
</kw>
<status endtime="20160701 15:22:54.153" starttime="20160701 15:22:54.127" status="FAIL"></status>
</kw>
<status endtime="20160701 15:22:54.156" starttime="20160701 15:22:54.122" status="FAIL"></status>
</kw>
<doc></doc>
<tags>
<tag>AF</tag>
</tags>
<status critical="yes" endtime="20160701 15:22:54.159" starttime="20160701 15:22:54.114" status="FAIL">No keyword with name 'Launch Application on Local Device' found.</status>
</test>
<test name="TC050 - Verify that the user is able to see the default values in the search module" id="s1-s2-s1-s1-s1-s1-t2">
<kw type="kw" name="Given I've started the KLM App">
<doc></doc>
<arguments>
</arguments>
<kw type="kw" name="Launch Application on Local Device">
<doc></doc>
<arguments>
<arg>&amp;{app_KLM}</arg>
</arguments>
<msg level="FAIL" timestamp="20160701 15:22:54.211">No keyword with name 'Launch Application on Local Device' found.</msg>
<status endtime="20160701 15:22:54.212" starttime="20160701 15:22:54.205" status="FAIL"></status>
</kw>
<status endtime="20160701 15:22:54.214" starttime="20160701 15:22:54.177" status="FAIL"></status>
</kw>
<doc></doc>
<tags>
<tag>KLM</tag>
<tag>Smoke</tag>
</tags>
<status critical="yes" endtime="20160701 15:22:54.217" starttime="20160701 15:22:54.168" status="FAIL">No keyword with name 'Launch Application on Local Device' found.</status>
</test>
<test name="TC0XX - Verify whether the user is able to book a one way flight without login." id="s1-s2-s1-s1-s1-s1-t3">
<kw type="kw" name="${Search_Destination(TextView)_id} = xpath_helpers.Xpath By Id">
<doc></doc>
<arguments>
<arg>search_destination</arg>
</arguments>
<msg level="INFO" timestamp="20160701 15:22:54.235">${Search_Destination(TextView)_id} = //*[ends-with(@resource-id,'search_destination']</msg>
<status endtime="20160701 15:22:54.235" starttime="20160701 15:22:54.232" status="PASS"></status>
</kw>
<kw type="kw" name="Given I've started the KLM App">
<doc></doc>
<arguments>
</arguments>
<kw type="kw" name="Launch Application on Local Device">
<doc></doc>
<arguments>
<arg>&amp;{app_KLM}</arg>
</arguments>
<msg level="FAIL" timestamp="20160701 15:22:54.258">No keyword with name 'Launch Application on Local Device' found.</msg>
<status endtime="20160701 15:22:54.259" starttime="20160701 15:22:54.256" status="FAIL"></status>
</kw>
<status endtime="20160701 15:22:54.261" starttime="20160701 15:22:54.238" status="FAIL"></status>
</kw>
<doc></doc>
<tags>
<tag>KLM</tag>
<tag>Smoke</tag>
<tag>unfinished</tag>
</tags>
<status critical="yes" endtime="20160701 15:22:54.264" starttime="20160701 15:22:54.224" status="FAIL">No keyword with name 'Launch Application on Local Device' found.</status>
</test>
<test name="TC051 - Verify the message shown, when there are no entries for the given Origin and destination" id="s1-s2-s1-s1-s1-s1-t4">
<kw type="kw" name="Given I've started the KLM App">
<doc></doc>
<arguments>
</arguments>
<kw type="kw" name="Launch Application on Local Device">
<doc></doc>
<arguments>
<arg>&amp;{app_KLM}</arg>
</arguments>
<msg level="FAIL" timestamp="20160701 15:22:54.295">No keyword with name 'Launch Application on Local Device' found.</msg>
<status endtime="20160701 15:22:54.296" starttime="20160701 15:22:54.293" status="FAIL"></status>
</kw>
<status endtime="20160701 15:22:54.299" starttime="20160701 15:22:54.277" status="FAIL"></status>
</kw>
<doc></doc>
<tags>
<tag>DEMO</tag>
<tag>KLM</tag>
</tags>
<status critical="yes" endtime="20160701 15:22:54.301" starttime="20160701 15:22:54.268" status="FAIL">No keyword with name 'Launch Application on Local Device' found.</status>
</test>
<test name="TC058 - Verify the user able to see the lowest price according to the destination selected, when not logged in" id="s1-s2-s1-s1-s1-s1-t5">
<kw type="kw" name="Given I've started the KLM App">
<doc></doc>
<arguments>
</arguments>
<kw type="kw" name="Launch Application on Local Device">
<doc></doc>
<arguments>
<arg>&amp;{app_KLM}</arg>
</arguments>
<msg level="FAIL" timestamp="20160701 15:22:54.341">No keyword with name 'Launch Application on Local Device' found.</msg>
<status endtime="20160701 15:22:54.344" starttime="20160701 15:22:54.339" status="FAIL"></status>
</kw>
<status endtime="20160701 15:22:54.347" starttime="20160701 15:22:54.314" status="FAIL"></status>
</kw>
<doc></doc>
<tags>
<tag>KLM</tag>
</tags>
<status critical="yes" endtime="20160701 15:22:54.364" starttime="20160701 15:22:54.305" status="FAIL">No keyword with name 'Launch Application on Local Device' found.</status>
</test>
<doc></doc>
<metadata>
</metadata>
<status endtime="20160701 15:22:54.373" starttime="20160701 15:22:53.818" status="FAIL"></status>
</suite>
<doc></doc>
<metadata>
</metadata>
<status endtime="20160701 15:22:54.382" starttime="20160701 15:22:53.769" status="FAIL"></status>
</suite>
<doc></doc>
<metadata>
</metadata>
<status endtime="20160701 15:22:54.391" starttime="20160701 15:22:53.726" status="FAIL"></status>
</suite>
<doc></doc>
<metadata>
</metadata>
<status endtime="20160701 15:22:54.402" starttime="20160701 15:22:53.686" status="FAIL"></status>
</suite>
<doc></doc>
<metadata>
</metadata>
<status endtime="20160701 15:22:54.410" starttime="20160701 15:22:53.641" status="FAIL"></status>
</suite>
<doc></doc>
<metadata>
</metadata>
<status endtime="20160701 15:22:54.420" starttime="20160701 15:22:52.249" status="FAIL"></status>
</suite>
<statistics>
<total>
<stat pass="0" fail="10">Critical Tests</stat>
<stat pass="0" fail="10">All Tests</stat>
</total>
<tag>
<stat pass="0" fail="2" doc="" links="" combined="" info="">AF</stat>
<stat pass="0" fail="2" doc="" links="" combined="" info="">DEMO</stat>
<stat pass="0" fail="8" doc="" links="" combined="" info="">KLM</stat>
<stat pass="0" fail="4" doc="" links="" combined="" info="">Smoke</stat>
<stat pass="0" fail="2" doc="" links="" combined="" info="">unfinished</stat>
</tag>
<suite>
<stat pass="0" fail="10" name="UserStoriesForKLM" id="s1">UserStoriesForKLM</stat>
<stat pass="0" fail="5" name="Airfrance KLM" id="s1-s1">UserStoriesForKLM.Airfrance KLM</stat>
<stat pass="0" fail="5" name="Src" id="s1-s2">UserStoriesForKLM.Src</stat>
<stat pass="0" fail="5" name="Test" id="s1-s2-s1">UserStoriesForKLM.Src.Test</stat>
<stat pass="0" fail="5" name="Robotframework" id="s1-s2-s1-s1">UserStoriesForKLM.Src.Test.Robotframework</stat>
<stat pass="0" fail="5" name="Acceptance" id="s1-s2-s1-s1-s1">UserStoriesForKLM.Src.Test.Robotframework.Acceptance</stat>
<stat pass="0" fail="5" name="Airfrance KLM" id="s1-s2-s1-s1-s1-s1">UserStoriesForKLM.Src.Test.Robotframework.Acceptance.Airfrance KLM</stat>
</suite>
</statistics>
<errors>
<msg level="ERROR" timestamp="20160701 15:22:52.715">Error in file 'C:\temp\RF_DEV\10_TESTS\UserStoriesForKLM\Airfrance_KLM.robot': Setting variable '&amp;{app_AF}' failed: Variable name '&amp;{app_AF}' is invalid.</msg>
<msg level="ERROR" timestamp="20160701 15:22:52.719">Error in file 'C:\temp\RF_DEV\10_TESTS\UserStoriesForKLM\Airfrance_KLM.robot': Setting variable '&amp;{app_KLM}' failed: Variable name '&amp;{app_KLM}' is invalid.</msg>
<msg level="ERROR" timestamp="20160701 15:22:52.983">Error in file 'C:\temp\RF_DEV\10_TESTS\UserStoriesForKLM\Airfrance_KLM.robot': Importing test library 'AppiumLibrary' failed: ImportError: No module named AppiumLibrary
Traceback (most recent call last):
  None
PYTHONPATH:
  C:\Users\AM077783\.m2\repository\org\robotframework\robotframework\2.8.7\robotframework-2.8.7.jar\Lib\robot\libraries
  C:\Users\AM077783\.m2\repository\org\robotframework\robotframework\2.8.7\robotframework-2.8.7.jar\Lib
  C:\Users\AM077783\.m2\repository\org\robotframework\robotframework\2.8.7\Lib
  __classpath__
  __pyclasspath__/
  .
  C:\temp\MISSION_WG\08_RF_MOBILE\140_DEV_OF_UTILITIES\PySnapRF
  C:\temp\RF_DEV\10_TESTS\UserStoriesForKLM
CLASSPATH:
  C:\temp\MISSION_WG\08_RF_MOBILE\TOOLS\apache-maven\bin\..\boot\plexus-classworlds-2.5.2.jar</msg>
<msg level="ERROR" timestamp="20160701 15:22:53.022">Error in file 'C:\temp\RF_DEV\10_TESTS\UserStoriesForKLM\Airfrance_KLM.robot': Resource file '..\..\..\30_LIBRAIRIES\rf_helpers.txt' does not exist.</msg>
<msg level="ERROR" timestamp="20160701 15:22:53.813">Error in file 'C:\temp\RF_DEV\10_TESTS\UserStoriesForKLM\src\test\robotframework\acceptance\Airfrance_KLM.robot': Setting variable '&amp;{app_AF}' failed: Variable name '&amp;{app_AF}' is invalid.</msg>
<msg level="ERROR" timestamp="20160701 15:22:53.817">Error in file 'C:\temp\RF_DEV\10_TESTS\UserStoriesForKLM\src\test\robotframework\acceptance\Airfrance_KLM.robot': Setting variable '&amp;{app_KLM}' failed: Variable name '&amp;{app_KLM}' is invalid.</msg>
<msg level="ERROR" timestamp="20160701 15:22:53.965">Error in file 'C:\temp\RF_DEV\10_TESTS\UserStoriesForKLM\src\test\robotframework\acceptance\Airfrance_KLM.robot': Importing test library 'AppiumLibrary' failed: ImportError: No module named AppiumLibrary
Traceback (most recent call last):
  None
PYTHONPATH:
  C:\Users\AM077783\.m2\repository\org\robotframework\robotframework\2.8.7\robotframework-2.8.7.jar\Lib\robot\libraries
  C:\Users\AM077783\.m2\repository\org\robotframework\robotframework\2.8.7\robotframework-2.8.7.jar\Lib
  C:\Users\AM077783\.m2\repository\org\robotframework\robotframework\2.8.7\Lib
  __classpath__
  __pyclasspath__/
  .
  C:\temp\MISSION_WG\08_RF_MOBILE\140_DEV_OF_UTILITIES\PySnapRF
  C:\temp\RF_DEV\10_TESTS\UserStoriesForKLM
CLASSPATH:
  C:\temp\MISSION_WG\08_RF_MOBILE\TOOLS\apache-maven\bin\..\boot\plexus-classworlds-2.5.2.jar</msg>
<msg level="ERROR" timestamp="20160701 15:22:54.001">Error in file 'C:\temp\RF_DEV\10_TESTS\UserStoriesForKLM\src\test\robotframework\acceptance\Airfrance_KLM.robot': Resource file '..\..\..\30_LIBRAIRIES\rf_helpers.txt' does not exist.</msg>
</errors>
</robot>
