<?xml version="1.0" encoding="UTF-8"?>
<robot generator="Robot 2.8.7 (Jython 2.5.3 on java1.8.0_66)" generated="20160701 15:26:19.290">
<suite source="C:\temp\RF_DEV\10_TESTS\UserStoriesForKLM" name="UserStoriesForKLM" id="s1">
<suite source="C:\temp\RF_DEV\10_TESTS\UserStoriesForKLM\Airfrance_KLM.robot" name="Airfrance KLM" id="s1-s1">
<test name="Access to Flight News(AF)" id="s1-s1-t1">
<kw type="kw" name="GIVEN I am on AirFrance HomePage">
<doc></doc>
<arguments>
</arguments>
<kw type="kw" name="af.pages.Open the Airfrance App">
<doc></doc>
<arguments>
</arguments>
<kw type="kw" name="Launch Application on Local Device">
<doc></doc>
<arguments>
<arg>&amp;{app_AF}</arg>
</arguments>
<msg level="FAIL" timestamp="20160701 15:26:20.482">No keyword with name 'Launch Application on Local Device' found.</msg>
<status endtime="20160701 15:26:20.484" starttime="20160701 15:26:20.479" status="FAIL"></status>
</kw>
<status endtime="20160701 15:26:20.487" starttime="20160701 15:26:20.433" status="FAIL"></status>
</kw>
<status endtime="20160701 15:26:20.492" starttime="20160701 15:26:20.424" status="FAIL"></status>
</kw>
<doc></doc>
<tags>
<tag>AF</tag>
</tags>
<status critical="yes" endtime="20160701 15:26:20.495" starttime="20160701 15:26:20.409" status="FAIL">No keyword with name 'Launch Application on Local Device' found.</status>
</test>
<test name="TC050 - Verify that the user is able to see the default values in the search module" id="s1-s1-t2">
<kw type="kw" name="Given I've started the KLM App">
<doc></doc>
<arguments>
</arguments>
<kw type="kw" name="Launch Application on Local Device">
<doc></doc>
<arguments>
<arg>&amp;{app_KLM}</arg>
</arguments>
<msg level="FAIL" timestamp="20160701 15:26:20.553">No keyword with name 'Launch Application on Local Device' found.</msg>
<status endtime="20160701 15:26:20.555" starttime="20160701 15:26:20.551" status="FAIL"></status>
</kw>
<status endtime="20160701 15:26:20.558" starttime="20160701 15:26:20.513" status="FAIL"></status>
</kw>
<doc></doc>
<tags>
<tag>KLM</tag>
<tag>Smoke</tag>
</tags>
<status critical="yes" endtime="20160701 15:26:20.561" starttime="20160701 15:26:20.500" status="FAIL">No keyword with name 'Launch Application on Local Device' found.</status>
</test>
<test name="TC0XX - Verify whether the user is able to book a one way flight without login." id="s1-s1-t3">
<kw type="kw" name="${Search_Destination(TextView)_id} = xpath_helpers.Xpath By Id">
<doc></doc>
<arguments>
<arg>search_destination</arg>
</arguments>
<msg level="INFO" timestamp="20160701 15:26:20.591">${Search_Destination(TextView)_id} = //*[ends-with(@resource-id,'search_destination']</msg>
<status endtime="20160701 15:26:20.589" starttime="20160701 15:26:20.584" status="PASS"></status>
</kw>
<kw type="kw" name="Given I've started the KLM App">
<doc></doc>
<arguments>
</arguments>
<kw type="kw" name="Launch Application on Local Device">
<doc></doc>
<arguments>
<arg>&amp;{app_KLM}</arg>
</arguments>
<msg level="FAIL" timestamp="20160701 15:26:20.634">No keyword with name 'Launch Application on Local Device' found.</msg>
<status endtime="20160701 15:26:20.635" starttime="20160701 15:26:20.628" status="FAIL"></status>
</kw>
<status endtime="20160701 15:26:20.638" starttime="20160701 15:26:20.595" status="FAIL"></status>
</kw>
<doc></doc>
<tags>
<tag>KLM</tag>
<tag>Smoke</tag>
<tag>unfinished</tag>
</tags>
<status critical="yes" endtime="20160701 15:26:20.641" starttime="20160701 15:26:20.572" status="FAIL">No keyword with name 'Launch Application on Local Device' found.</status>
</test>
<test name="TC051 - Verify the message shown, when there are no entries for the given Origin and destination" id="s1-s1-t4">
<kw type="kw" name="Given I've started the KLM App">
<doc></doc>
<arguments>
</arguments>
<kw type="kw" name="Launch Application on Local Device">
<doc></doc>
<arguments>
<arg>&amp;{app_KLM}</arg>
</arguments>
<msg level="FAIL" timestamp="20160701 15:26:20.691">No keyword with name 'Launch Application on Local Device' found.</msg>
<status endtime="20160701 15:26:20.692" starttime="20160701 15:26:20.689" status="FAIL"></status>
</kw>
<status endtime="20160701 15:26:20.694" starttime="20160701 15:26:20.659" status="FAIL"></status>
</kw>
<doc></doc>
<tags>
<tag>DEMO</tag>
<tag>KLM</tag>
</tags>
<status critical="yes" endtime="20160701 15:26:20.697" starttime="20160701 15:26:20.645" status="FAIL">No keyword with name 'Launch Application on Local Device' found.</status>
</test>
<test name="TC058 - Verify the user able to see the lowest price according to the destination selected, when not logged in" id="s1-s1-t5">
<kw type="kw" name="Given I've started the KLM App">
<doc></doc>
<arguments>
</arguments>
<kw type="kw" name="Launch Application on Local Device">
<doc></doc>
<arguments>
<arg>&amp;{app_KLM}</arg>
</arguments>
<msg level="FAIL" timestamp="20160701 15:26:20.741">No keyword with name 'Launch Application on Local Device' found.</msg>
<status endtime="20160701 15:26:20.742" starttime="20160701 15:26:20.739" status="FAIL"></status>
</kw>
<status endtime="20160701 15:26:20.745" starttime="20160701 15:26:20.711" status="FAIL"></status>
</kw>
<doc></doc>
<tags>
<tag>KLM</tag>
</tags>
<status critical="yes" endtime="20160701 15:26:20.748" starttime="20160701 15:26:20.701" status="FAIL">No keyword with name 'Launch Application on Local Device' found.</status>
</test>
<doc></doc>
<metadata>
</metadata>
<status endtime="20160701 15:26:20.758" starttime="20160701 15:26:19.801" status="FAIL"></status>
</suite>
<suite source="C:\temp\RF_DEV\10_TESTS\UserStoriesForKLM\src" name="Src" id="s1-s2">
<suite source="C:\temp\RF_DEV\10_TESTS\UserStoriesForKLM\src\test" name="Test" id="s1-s2-s1">
<suite source="C:\temp\RF_DEV\10_TESTS\UserStoriesForKLM\src\test\robotframework" name="Robotframework" id="s1-s2-s1-s1">
<suite source="C:\temp\RF_DEV\10_TESTS\UserStoriesForKLM\src\test\robotframework\acceptance" name="Acceptance" id="s1-s2-s1-s1-s1">
<suite source="C:\temp\RF_DEV\10_TESTS\UserStoriesForKLM\src\test\robotframework\acceptance\Airfrance_KLM.robot" name="Airfrance KLM" id="s1-s2-s1-s1-s1-s1">
<test name="Access to Flight News(AF)" id="s1-s2-s1-s1-s1-s1-t1">
<kw type="kw" name="GIVEN I am on AirFrance HomePage">
<doc></doc>
<arguments>
</arguments>
<kw type="kw" name="af.pages.Open the Airfrance App">
<doc></doc>
<arguments>
</arguments>
<kw type="kw" name="Launch Application on Local Device">
<doc></doc>
<arguments>
<arg>&amp;{app_AF}</arg>
</arguments>
<msg level="FAIL" timestamp="20160701 15:26:21.323">No keyword with name 'Launch Application on Local Device' found.</msg>
<status endtime="20160701 15:26:21.324" starttime="20160701 15:26:21.321" status="FAIL"></status>
</kw>
<status endtime="20160701 15:26:21.325" starttime="20160701 15:26:21.301" status="FAIL"></status>
</kw>
<status endtime="20160701 15:26:21.327" starttime="20160701 15:26:21.294" status="FAIL"></status>
</kw>
<doc></doc>
<tags>
<tag>AF</tag>
</tags>
<status critical="yes" endtime="20160701 15:26:21.329" starttime="20160701 15:26:21.286" status="FAIL">No keyword with name 'Launch Application on Local Device' found.</status>
</test>
<test name="TC050 - Verify that the user is able to see the default values in the search module" id="s1-s2-s1-s1-s1-s1-t2">
<kw type="kw" name="Given I've started the KLM App">
<doc></doc>
<arguments>
</arguments>
<kw type="kw" name="Launch Application on Local Device">
<doc></doc>
<arguments>
<arg>&amp;{app_KLM}</arg>
</arguments>
<msg level="FAIL" timestamp="20160701 15:26:21.370">No keyword with name 'Launch Application on Local Device' found.</msg>
<status endtime="20160701 15:26:21.371" starttime="20160701 15:26:21.368" status="FAIL"></status>
</kw>
<status endtime="20160701 15:26:21.373" starttime="20160701 15:26:21.345" status="FAIL"></status>
</kw>
<doc></doc>
<tags>
<tag>KLM</tag>
<tag>Smoke</tag>
</tags>
<status critical="yes" endtime="20160701 15:26:21.376" starttime="20160701 15:26:21.334" status="FAIL">No keyword with name 'Launch Application on Local Device' found.</status>
</test>
<test name="TC0XX - Verify whether the user is able to book a one way flight without login." id="s1-s2-s1-s1-s1-s1-t3">
<kw type="kw" name="${Search_Destination(TextView)_id} = xpath_helpers.Xpath By Id">
<doc></doc>
<arguments>
<arg>search_destination</arg>
</arguments>
<msg level="INFO" timestamp="20160701 15:26:21.394">${Search_Destination(TextView)_id} = //*[ends-with(@resource-id,'search_destination']</msg>
<status endtime="20160701 15:26:21.393" starttime="20160701 15:26:21.391" status="PASS"></status>
</kw>
<kw type="kw" name="Given I've started the KLM App">
<doc></doc>
<arguments>
</arguments>
<kw type="kw" name="Launch Application on Local Device">
<doc></doc>
<arguments>
<arg>&amp;{app_KLM}</arg>
</arguments>
<msg level="FAIL" timestamp="20160701 15:26:21.421">No keyword with name 'Launch Application on Local Device' found.</msg>
<status endtime="20160701 15:26:21.422" starttime="20160701 15:26:21.419" status="FAIL"></status>
</kw>
<status endtime="20160701 15:26:21.424" starttime="20160701 15:26:21.397" status="FAIL"></status>
</kw>
<doc></doc>
<tags>
<tag>KLM</tag>
<tag>Smoke</tag>
<tag>unfinished</tag>
</tags>
<status critical="yes" endtime="20160701 15:26:21.427" starttime="20160701 15:26:21.382" status="FAIL">No keyword with name 'Launch Application on Local Device' found.</status>
</test>
<test name="TC051 - Verify the message shown, when there are no entries for the given Origin and destination" id="s1-s2-s1-s1-s1-s1-t4">
<kw type="kw" name="Given I've started the KLM App">
<doc></doc>
<arguments>
</arguments>
<kw type="kw" name="Launch Application on Local Device">
<doc></doc>
<arguments>
<arg>&amp;{app_KLM}</arg>
</arguments>
<msg level="FAIL" timestamp="20160701 15:26:21.463">No keyword with name 'Launch Application on Local Device' found.</msg>
<status endtime="20160701 15:26:21.464" starttime="20160701 15:26:21.461" status="FAIL"></status>
</kw>
<status endtime="20160701 15:26:21.466" starttime="20160701 15:26:21.440" status="FAIL"></status>
</kw>
<doc></doc>
<tags>
<tag>DEMO</tag>
<tag>KLM</tag>
</tags>
<status critical="yes" endtime="20160701 15:26:21.469" starttime="20160701 15:26:21.430" status="FAIL">No keyword with name 'Launch Application on Local Device' found.</status>
</test>
<test name="TC058 - Verify the user able to see the lowest price according to the destination selected, when not logged in" id="s1-s2-s1-s1-s1-s1-t5">
<kw type="kw" name="Given I've started the KLM App">
<doc></doc>
<arguments>
</arguments>
<kw type="kw" name="Launch Application on Local Device">
<doc></doc>
<arguments>
<arg>&amp;{app_KLM}</arg>
</arguments>
<msg level="FAIL" timestamp="20160701 15:26:21.500">No keyword with name 'Launch Application on Local Device' found.</msg>
<status endtime="20160701 15:26:21.502" starttime="20160701 15:26:21.498" status="FAIL"></status>
</kw>
<status endtime="20160701 15:26:21.504" starttime="20160701 15:26:21.480" status="FAIL"></status>
</kw>
<doc></doc>
<tags>
<tag>KLM</tag>
</tags>
<status critical="yes" endtime="20160701 15:26:21.506" starttime="20160701 15:26:21.472" status="FAIL">No keyword with name 'Launch Application on Local Device' found.</status>
</test>
<doc></doc>
<metadata>
</metadata>
<status endtime="20160701 15:26:21.512" starttime="20160701 15:26:20.983" status="FAIL"></status>
</suite>
<doc></doc>
<metadata>
</metadata>
<status endtime="20160701 15:26:21.521" starttime="20160701 15:26:20.933" status="FAIL"></status>
</suite>
<doc></doc>
<metadata>
</metadata>
<status endtime="20160701 15:26:21.538" starttime="20160701 15:26:20.889" status="FAIL"></status>
</suite>
<doc></doc>
<metadata>
</metadata>
<status endtime="20160701 15:26:21.546" starttime="20160701 15:26:20.846" status="FAIL"></status>
</suite>
<doc></doc>
<metadata>
</metadata>
<status endtime="20160701 15:26:21.556" starttime="20160701 15:26:20.770" status="FAIL"></status>
</suite>
<doc></doc>
<metadata>
</metadata>
<status endtime="20160701 15:26:21.572" starttime="20160701 15:26:19.298" status="FAIL"></status>
</suite>
<statistics>
<total>
<stat pass="0" fail="10">Critical Tests</stat>
<stat pass="0" fail="10">All Tests</stat>
</total>
<tag>
<stat pass="0" fail="2" doc="" links="" combined="" info="">AF</stat>
<stat pass="0" fail="2" doc="" links="" combined="" info="">DEMO</stat>
<stat pass="0" fail="8" doc="" links="" combined="" info="">KLM</stat>
<stat pass="0" fail="4" doc="" links="" combined="" info="">Smoke</stat>
<stat pass="0" fail="2" doc="" links="" combined="" info="">unfinished</stat>
</tag>
<suite>
<stat pass="0" fail="10" name="UserStoriesForKLM" id="s1">UserStoriesForKLM</stat>
<stat pass="0" fail="5" name="Airfrance KLM" id="s1-s1">UserStoriesForKLM.Airfrance KLM</stat>
<stat pass="0" fail="5" name="Src" id="s1-s2">UserStoriesForKLM.Src</stat>
<stat pass="0" fail="5" name="Test" id="s1-s2-s1">UserStoriesForKLM.Src.Test</stat>
<stat pass="0" fail="5" name="Robotframework" id="s1-s2-s1-s1">UserStoriesForKLM.Src.Test.Robotframework</stat>
<stat pass="0" fail="5" name="Acceptance" id="s1-s2-s1-s1-s1">UserStoriesForKLM.Src.Test.Robotframework.Acceptance</stat>
<stat pass="0" fail="5" name="Airfrance KLM" id="s1-s2-s1-s1-s1-s1">UserStoriesForKLM.Src.Test.Robotframework.Acceptance.Airfrance KLM</stat>
</suite>
</statistics>
<errors>
<msg level="ERROR" timestamp="20160701 15:26:19.794">Error in file 'C:\temp\RF_DEV\10_TESTS\UserStoriesForKLM\Airfrance_KLM.robot': Setting variable '&amp;{app_AF}' failed: Variable name '&amp;{app_AF}' is invalid.</msg>
<msg level="ERROR" timestamp="20160701 15:26:19.800">Error in file 'C:\temp\RF_DEV\10_TESTS\UserStoriesForKLM\Airfrance_KLM.robot': Setting variable '&amp;{app_KLM}' failed: Variable name '&amp;{app_KLM}' is invalid.</msg>
<msg level="ERROR" timestamp="20160701 15:26:20.022">Error in file 'C:\temp\RF_DEV\10_TESTS\UserStoriesForKLM\Airfrance_KLM.robot': Importing test library 'AppiumLibrary' failed: ImportError: No module named AppiumLibrary
Traceback (most recent call last):
  None
PYTHONPATH:
  C:\Users\AM077783\.m2\repository\org\robotframework\robotframework\2.8.7\robotframework-2.8.7.jar\Lib\robot\libraries
  C:\Users\AM077783\.m2\repository\org\robotframework\robotframework\2.8.7\robotframework-2.8.7.jar\Lib
  C:\Users\AM077783\.m2\repository\org\robotframework\robotframework\2.8.7\Lib
  __classpath__
  __pyclasspath__/
  .
  C:\temp\MISSION_WG\08_RF_MOBILE\140_DEV_OF_UTILITIES\PySnapRF
  C:\temp\RF_DEV\10_TESTS\UserStoriesForKLM
CLASSPATH:
  C:\temp\MISSION_WG\08_RF_MOBILE\TOOLS\apache-maven\bin\..\boot\plexus-classworlds-2.5.2.jar</msg>
<msg level="ERROR" timestamp="20160701 15:26:20.064">Error in file 'C:\temp\RF_DEV\10_TESTS\UserStoriesForKLM\Airfrance_KLM.robot': Resource file '..\..\..\30_LIBRAIRIES\rf_helpers.txt' does not exist.</msg>
<msg level="ERROR" timestamp="20160701 15:26:20.977">Error in file 'C:\temp\RF_DEV\10_TESTS\UserStoriesForKLM\src\test\robotframework\acceptance\Airfrance_KLM.robot': Setting variable '&amp;{app_AF}' failed: Variable name '&amp;{app_AF}' is invalid.</msg>
<msg level="ERROR" timestamp="20160701 15:26:20.981">Error in file 'C:\temp\RF_DEV\10_TESTS\UserStoriesForKLM\src\test\robotframework\acceptance\Airfrance_KLM.robot': Setting variable '&amp;{app_KLM}' failed: Variable name '&amp;{app_KLM}' is invalid.</msg>
<msg level="ERROR" timestamp="20160701 15:26:21.130">Error in file 'C:\temp\RF_DEV\10_TESTS\UserStoriesForKLM\src\test\robotframework\acceptance\Airfrance_KLM.robot': Importing test library 'AppiumLibrary' failed: ImportError: No module named AppiumLibrary
Traceback (most recent call last):
  None
PYTHONPATH:
  C:\Users\AM077783\.m2\repository\org\robotframework\robotframework\2.8.7\robotframework-2.8.7.jar\Lib\robot\libraries
  C:\Users\AM077783\.m2\repository\org\robotframework\robotframework\2.8.7\robotframework-2.8.7.jar\Lib
  C:\Users\AM077783\.m2\repository\org\robotframework\robotframework\2.8.7\Lib
  __classpath__
  __pyclasspath__/
  .
  C:\temp\MISSION_WG\08_RF_MOBILE\140_DEV_OF_UTILITIES\PySnapRF
  C:\temp\RF_DEV\10_TESTS\UserStoriesForKLM
CLASSPATH:
  C:\temp\MISSION_WG\08_RF_MOBILE\TOOLS\apache-maven\bin\..\boot\plexus-classworlds-2.5.2.jar</msg>
<msg level="ERROR" timestamp="20160701 15:26:21.169">Error in file 'C:\temp\RF_DEV\10_TESTS\UserStoriesForKLM\src\test\robotframework\acceptance\Airfrance_KLM.robot': Resource file '..\..\..\30_LIBRAIRIES\rf_helpers.txt' does not exist.</msg>
</errors>
</robot>
